{"/home/dcrystalj/git/vue-testing-examples/src/components/events/Events.vue": {"path":"/home/dcrystalj/git/vue-testing-examples/src/components/events/Events.vue","statementMap":{"0":{"start":{"line":10,"column":0},"end":{"line":null,"column":-1}},"1":{"start":{"line":17,"column":0},"end":{"line":null,"column":-1}},"2":{"start":{"line":18,"column":0},"end":{"line":null,"column":-1}},"3":{"start":{"line":19,"column":0},"end":{"line":null,"column":-1}},"4":{"start":{"line":20,"column":0},"end":{"line":null,"column":-1}}},"fnMap":{},"branchMap":{},"s":{"0":1,"1":1,"2":1,"3":1,"4":1},"f":{},"b":{}}
,"/home/dcrystalj/git/vue-testing-examples/src/components/events/EventsElement.vue": {"path":"/home/dcrystalj/git/vue-testing-examples/src/components/events/EventsElement.vue","statementMap":{"0":{"start":{"line":8,"column":0},"end":{"line":null,"column":-1}},"1":{"start":{"line":12,"column":0},"end":{"line":null,"column":-1}},"2":{"start":{"line":19,"column":0},"end":{"line":null,"column":-1}},"3":{"start":{"line":20,"column":0},"end":{"line":null,"column":-1}},"4":{"start":{"line":21,"column":0},"end":{"line":null,"column":-1}},"5":{"start":{"line":22,"column":0},"end":{"line":null,"column":-1}}},"fnMap":{},"branchMap":{},"s":{"0":1,"1":2,"2":2,"3":2,"4":2,"5":2},"f":{},"b":{}}
,"/home/dcrystalj/git/vue-testing-examples/src/components/forms/Input.vue": {"path":"/home/dcrystalj/git/vue-testing-examples/src/components/forms/Input.vue","statementMap":{"0":{"start":{"line":11,"column":0},"end":{"line":null,"column":-1}},"1":{"start":{"line":17,"column":0},"end":{"line":null,"column":-1}}},"fnMap":{},"branchMap":{},"s":{"0":2,"1":2},"f":{},"b":{}}
,"/home/dcrystalj/git/vue-testing-examples/src/components/forms/InputElement.vue": {"path":"/home/dcrystalj/git/vue-testing-examples/src/components/forms/InputElement.vue","statementMap":{"0":{"start":{"line":9,"column":0},"end":{"line":null,"column":-1}},"1":{"start":{"line":13,"column":0},"end":{"line":null,"column":-1}},"2":{"start":{"line":19,"column":0},"end":{"line":null,"column":-1}}},"fnMap":{},"branchMap":{},"s":{"0":1,"1":2,"2":2},"f":{},"b":{}}
,"/home/dcrystalj/git/vue-testing-examples/src/components/forms/RadioButtons.vue": {"path":"/home/dcrystalj/git/vue-testing-examples/src/components/forms/RadioButtons.vue","statementMap":{"0":{"start":{"line":14,"column":0},"end":{"line":null,"column":-1}},"1":{"start":{"line":20,"column":0},"end":{"line":null,"column":-1}}},"fnMap":{},"branchMap":{},"s":{"0":1,"1":1},"f":{},"b":{}}
,"/home/dcrystalj/git/vue-testing-examples/src/components/mocks/ModuleDependency.vue": {"path":"/home/dcrystalj/git/vue-testing-examples/src/components/mocks/ModuleDependency.vue","statementMap":{"0":{"start":{"line":6,"column":0},"end":{"line":null,"column":-1}},"1":{"start":{"line":10,"column":0},"end":{"line":null,"column":-1}},"2":{"start":{"line":15,"column":0},"end":{"line":17,"column":0}},"3":{"start":{"line":16,"column":0},"end":{"line":null,"column":-1}}},"fnMap":{"0":{"name":"(anonymous_1)","decl":{"start":{"line":15,"column":0},"end":{"line":null,"column":-1}},"loc":{"start":{"line":15,"column":0},"end":{"line":17,"column":0}}}},"branchMap":{},"s":{"0":1,"1":1,"2":1,"3":1},"f":{"0":1},"b":{}}
,"/home/dcrystalj/git/vue-testing-examples/src/components/mocks/Timer.vue": {"path":"/home/dcrystalj/git/vue-testing-examples/src/components/mocks/Timer.vue","statementMap":{"0":{"start":{"line":8,"column":0},"end":{"line":null,"column":-1}},"1":{"start":{"line":13,"column":0},"end":{"line":15,"column":0}},"2":{"start":{"line":14,"column":0},"end":{"line":null,"column":-1}}},"fnMap":{"0":{"name":"(anonymous_1)","decl":{"start":{"line":13,"column":0},"end":{"line":null,"column":-1}},"loc":{"start":{"line":13,"column":0},"end":{"line":15,"column":0}}}},"branchMap":{},"s":{"0":1,"1":1,"2":1},"f":{"0":1},"b":{}}
,"/home/dcrystalj/git/vue-testing-examples/src/components/renderedComponentOutput/HowManyComponentsAreRendered.vue": {"path":"/home/dcrystalj/git/vue-testing-examples/src/components/renderedComponentOutput/HowManyComponentsAreRendered.vue","statementMap":{"0":{"start":{"line":8,"column":0},"end":{"line":null,"column":-1}}},"fnMap":{},"branchMap":{},"s":{"0":1},"f":{},"b":{}}
,"/home/dcrystalj/git/vue-testing-examples/src/filters/filters.js": {"path":"/home/dcrystalj/git/vue-testing-examples/src/filters/filters.js","statementMap":{"0":{"start":{"line":2,"column":2},"end":{"line":2,"column":27}}},"fnMap":{"0":{"name":"uppercase","decl":{"start":{"line":1,"column":16},"end":{"line":1,"column":25}},"loc":{"start":{"line":1,"column":31},"end":{"line":3,"column":1}},"line":1}},"branchMap":{},"s":{"0":1},"f":{"0":1},"b":{},"_coverageSchema":"332fd63041d2c1bcb487cc26dd0d5f7d97098a6c","hash":"078e7adcb6e173a6b9a7981f02a77de66816ef30"}
,"/home/dcrystalj/git/vue-testing-examples/src/mixins/mixins.js": {"path":"/home/dcrystalj/git/vue-testing-examples/src/mixins/mixins.js","statementMap":{"0":{"start":{"line":1,"column":37},"end":{"line":5,"column":1}},"1":{"start":{"line":3,"column":4},"end":{"line":3,"column":25}}},"fnMap":{},"branchMap":{},"s":{"0":1,"1":1},"f":{},"b":{},"_coverageSchema":"332fd63041d2c1bcb487cc26dd0d5f7d97098a6c","hash":"9bb7d3097ad8faa02cd243d50c7ce14c72b55778"}
,"/home/dcrystalj/git/vue-testing-examples/src/store/modules/user.js": {"path":"/home/dcrystalj/git/vue-testing-examples/src/store/modules/user.js","statementMap":{"0":{"start":{"line":8,"column":6},"end":{"line":8,"column":24}},"1":{"start":{"line":9,"column":6},"end":{"line":9,"column":32}},"2":{"start":{"line":12,"column":6},"end":{"line":12,"column":30}},"3":{"start":{"line":17,"column":6},"end":{"line":17,"column":47}},"4":{"start":{"line":22,"column":6},"end":{"line":22,"column":31}},"5":{"start":{"line":25,"column":6},"end":{"line":25,"column":34}},"6":{"start":{"line":26,"column":6},"end":{"line":28,"column":9}},"7":{"start":{"line":27,"column":8},"end":{"line":27,"column":37}},"8":{"start":{"line":29,"column":6},"end":{"line":29,"column":61}}},"fnMap":{"0":{"name":"(anonymous_0)","decl":{"start":{"line":26,"column":44},"end":{"line":26,"column":45}},"loc":{"start":{"line":26,"column":50},"end":{"line":28,"column":7}},"line":26}},"branchMap":{},"s":{"0":3,"1":3,"2":2,"3":3,"4":1,"5":2,"6":2,"7":2,"8":2},"f":{"0":2},"b":{},"_coverageSchema":"332fd63041d2c1bcb487cc26dd0d5f7d97098a6c","hash":"b4ad55bd7167d6112aeac9207ed79e9e85f40445"}
,"/home/dcrystalj/git/vue-testing-examples/src/views/Home.vue": {"path":"/home/dcrystalj/git/vue-testing-examples/src/views/Home.vue","statementMap":{"0":{"start":{"line":10,"column":0},"end":{"line":null,"column":-1}}},"fnMap":{},"branchMap":{},"s":{"0":0},"f":{},"b":{}}
}
