TN:
SF:/home/dcrystalj/git/vue-testing-examples/src/components/events/Events.vue
FNF:0
FNH:0
DA:10,1
DA:17,1
DA:18,1
DA:19,1
DA:20,1
LF:5
LH:5
BRF:0
BRH:0
end_of_record
TN:
SF:/home/dcrystalj/git/vue-testing-examples/src/components/events/EventsElement.vue
FNF:0
FNH:0
DA:8,1
DA:12,2
DA:19,2
DA:20,2
DA:21,2
DA:22,2
LF:6
LH:6
BRF:0
BRH:0
end_of_record
TN:
SF:/home/dcrystalj/git/vue-testing-examples/src/components/forms/Input.vue
FNF:0
FNH:0
DA:11,2
DA:17,2
LF:2
LH:2
BRF:0
BRH:0
end_of_record
TN:
SF:/home/dcrystalj/git/vue-testing-examples/src/components/forms/InputElement.vue
FNF:0
FNH:0
DA:9,1
DA:13,2
DA:19,2
LF:3
LH:3
BRF:0
BRH:0
end_of_record
TN:
SF:/home/dcrystalj/git/vue-testing-examples/src/components/forms/RadioButtons.vue
FNF:0
FNH:0
DA:14,1
DA:20,1
LF:2
LH:2
BRF:0
BRH:0
end_of_record
TN:
SF:/home/dcrystalj/git/vue-testing-examples/src/components/mocks/ModuleDependency.vue
FN:15,(anonymous_1)
FNF:1
FNH:1
FNDA:1,(anonymous_1)
DA:6,1
DA:10,1
DA:15,1
DA:16,1
LF:4
LH:4
BRF:0
BRH:0
end_of_record
TN:
SF:/home/dcrystalj/git/vue-testing-examples/src/components/mocks/Timer.vue
FN:13,(anonymous_1)
FNF:1
FNH:1
FNDA:1,(anonymous_1)
DA:8,1
DA:13,1
DA:14,1
LF:3
LH:3
BRF:0
BRH:0
end_of_record
TN:
SF:/home/dcrystalj/git/vue-testing-examples/src/components/renderedComponentOutput/HowManyComponentsAreRendered.vue
FNF:0
FNH:0
DA:8,1
LF:1
LH:1
BRF:0
BRH:0
end_of_record
TN:
SF:/home/dcrystalj/git/vue-testing-examples/src/filters/filters.js
FN:1,uppercase
FNF:1
FNH:1
FNDA:1,uppercase
DA:2,1
LF:1
LH:1
BRF:0
BRH:0
end_of_record
TN:
SF:/home/dcrystalj/git/vue-testing-examples/src/mixins/mixins.js
FNF:0
FNH:0
DA:1,1
DA:3,1
LF:2
LH:2
BRF:0
BRH:0
end_of_record
TN:
SF:/home/dcrystalj/git/vue-testing-examples/src/store/modules/user.js
FN:26,(anonymous_0)
FNF:1
FNH:1
FNDA:2,(anonymous_0)
DA:8,3
DA:9,3
DA:12,2
DA:17,3
DA:22,1
DA:25,2
DA:26,2
DA:27,2
DA:29,2
LF:9
LH:9
BRF:0
BRH:0
end_of_record
TN:
SF:/home/dcrystalj/git/vue-testing-examples/src/views/Home.vue
FNF:0
FNH:0
DA:10,0
LF:1
LH:0
BRF:0
BRH:0
end_of_record
